<?xml version="1.0" encoding="UTF-8"?>
<!-- Generated by org.testng.reporters.JUnitXMLReporter -->
<testsuite ignored="13" hostname="Shrisai" failures="1" tests="1" name="LoginTests" time="36.437" errors="0" timestamp="2025-10-12T19:03:42 IST">
  <testcase classname="com.test.testcases.Ele_Page_Testcases" name="verifyrightClick" time="3.719">
    <failure type="org.openqa.selenium.ElementClickInterceptedException" message="element click intercepted: Element &amp;lt;span class=&amp;quot;text&amp;quot;&amp;gt;...&amp;lt;/span&amp;gt; is not clickable at point (111, 517). Other element would receive the click: &amp;lt;div id=&amp;quot;fixedban&amp;quot; style=&amp;quot;width:100%;margin:auto;text-align:center;float:none;overflow:hidden;display:scroll;position:fixed;bottom:0;z-index:9999999&amp;quot;&amp;gt;...&amp;lt;/div&amp;gt;
  (Session info: chrome=109.0.5414.168)
Build info: version: &amp;apos;4.25.0&amp;apos;, revision: &amp;apos;8a8aea2337&amp;apos;
System info: os.name: &amp;apos;Windows 8.1&amp;apos;, os.arch: &amp;apos;amd64&amp;apos;, os.version: &amp;apos;6.3&amp;apos;, java.version: &amp;apos;17.0.8.1&amp;apos;
Driver info: org.openqa.selenium.chrome.ChromeDriver
Command: [4f552d386525e32e208a6c4b11b82d85, clickElement {id=9a6ee534-e0d1-406b-8f3a-bdcf32733acb}]
Capabilities {acceptInsecureCerts: false, browserName: chrome, browserVersion: 109.0.5414.168, chrome: {chromedriverVersion: 109.0.5414.74 (e7c5703604da..., userDataDir: C:\Users\SHRISA~1\AppData\L...}, goog:chromeOptions: {debuggerAddress: localhost:54127}, networkConnectionEnabled: false, pageLoadStrategy: normal, platformName: windows, proxy: Proxy(), se:cdp: ws://localhost:54127/devtoo..., se:cdpVersion: 109.0.5414.168, setWindowRect: true, strictFileInteractability: false, timeouts: {implicit: 0, pageLoad: 300000, script: 30000}, unhandledPromptBehavior: dismiss and notify, webauthn:extension:credBlob: true, webauthn:extension:largeBlob: true, webauthn:virtualAuthenticators: true}
Element: [[ChromeDriver: chrome on windows (4f552d386525e32e208a6c4b11b82d85)] -&amp;gt; xpath: //span[contains(text(),&amp;apos;Buttons&amp;apos;)]]
Session ID: 4f552d386525e32e208a6c4b11b82d85">
      <![CDATA[org.openqa.selenium.ElementClickInterceptedException: element click intercepted: Element <span class="text">...</span> is not clickable at point (111, 517). Other element would receive the click: <div id="fixedban" style="width:100%;margin:auto;text-align:center;float:none;overflow:hidden;display:scroll;position:fixed;bottom:0;z-index:9999999">...</div>
  (Session info: chrome=109.0.5414.168)
Build info: version: '4.25.0', revision: '8a8aea2337'
System info: os.name: 'Windows 8.1', os.arch: 'amd64', os.version: '6.3', java.version: '17.0.8.1'
Driver info: org.openqa.selenium.chrome.ChromeDriver
Command: [4f552d386525e32e208a6c4b11b82d85, clickElement {id=9a6ee534-e0d1-406b-8f3a-bdcf32733acb}]
Capabilities {acceptInsecureCerts: false, browserName: chrome, browserVersion: 109.0.5414.168, chrome: {chromedriverVersion: 109.0.5414.74 (e7c5703604da..., userDataDir: C:\Users\SHRISA~1\AppData\L...}, goog:chromeOptions: {debuggerAddress: localhost:54127}, networkConnectionEnabled: false, pageLoadStrategy: normal, platformName: windows, proxy: Proxy(), se:cdp: ws://localhost:54127/devtoo..., se:cdpVersion: 109.0.5414.168, setWindowRect: true, strictFileInteractability: false, timeouts: {implicit: 0, pageLoad: 300000, script: 30000}, unhandledPromptBehavior: dismiss and notify, webauthn:extension:credBlob: true, webauthn:extension:largeBlob: true, webauthn:virtualAuthenticators: true}
Element: [[ChromeDriver: chrome on windows (4f552d386525e32e208a6c4b11b82d85)] -> xpath: //span[contains(text(),'Buttons')]]
Session ID: 4f552d386525e32e208a6c4b11b82d85
at org.openqa.selenium.remote.ErrorCodec.decode(ErrorCodec.java:167)
at org.openqa.selenium.remote.codec.w3c.W3CHttpResponseCodec.decode(W3CHttpResponseCodec.java:138)
at org.openqa.selenium.remote.codec.w3c.W3CHttpResponseCodec.decode(W3CHttpResponseCodec.java:50)
at org.openqa.selenium.remote.HttpCommandExecutor.execute(HttpCommandExecutor.java:190)
at org.openqa.selenium.remote.service.DriverCommandExecutor.invokeExecute(DriverCommandExecutor.java:216)
at org.openqa.selenium.remote.service.DriverCommandExecutor.execute(DriverCommandExecutor.java:174)
at org.openqa.selenium.remote.RemoteWebDriver.execute(RemoteWebDriver.java:545)
at org.openqa.selenium.remote.RemoteWebElement.execute(RemoteWebElement.java:223)
at org.openqa.selenium.remote.RemoteWebElement.click(RemoteWebElement.java:76)
at org.openqa.selenium.support.pagefactory.internal.LocatingElementHandler.invoke(LocatingElementHandler.java:51)
at jdk.proxy2/jdk.proxy2.$Proxy12.click(Unknown Source)
at com.QA.pages.ElementPage.verifyrightclick(ElementPage.java:381)
at com.test.testcases.Ele_Page_Testcases.verifyrightClick(Ele_Page_Testcases.java:128)
at java.base/java.util.ArrayList.forEach(ArrayList.java:1511)
at java.base/java.util.concurrent.FutureTask.run(FutureTask.java:264)
at java.base/java.util.concurrent.ThreadPoolExecutor.runWorker(ThreadPoolExecutor.java:1136)
at java.base/java.util.concurrent.ThreadPoolExecutor$Worker.run(ThreadPoolExecutor.java:635)
at java.base/java.lang.Thread.run(Thread.java:833)
... Removed 26 stack frames]]>
    </failure>
  </testcase> <!-- verifyrightClick -->
  <testcase classname="com.test.testcases.Ele_Page_Testcases" name="verifyClick" time="0.0">
    <ignored/>
  </testcase> <!-- verifyClick -->
  <testcase classname="com.test.testcases.Ele_Page_Testcases" name="verifyNodisabledRBTestcase" time="0.0">
    <ignored/>
  </testcase> <!-- verifyNodisabledRBTestcase -->
  <testcase classname="com.test.testcases.Ele_Page_Testcases" name="validateTitle" time="0.0">
    <ignored/>
  </testcase> <!-- validateTitle -->
  <testcase classname="com.test.testcases.Ele_Page_Testcases" name="verifyDownloadCBTest" time="0.0">
    <ignored/>
  </testcase> <!-- verifyDownloadCBTest -->
  <testcase classname="com.test.testcases.Ele_Page_Testcases" name="verifyDesktocheckTest" time="0.0">
    <ignored/>
  </testcase> <!-- verifyDesktocheckTest -->
  <testcase classname="com.test.testcases.Ele_Page_Testcases" name="verifyDocumentCBTest" time="0.0">
    <ignored/>
  </testcase> <!-- verifyDocumentCBTest -->
  <testcase classname="com.test.testcases.Ele_Page_Testcases" name="verifyYesRBTestcase" time="0.0">
    <ignored/>
  </testcase> <!-- verifyYesRBTestcase -->
  <testcase classname="com.test.testcases.Ele_Page_Testcases" name="verifyWebtableEntryTestcase" time="0.0">
    <ignored/>
  </testcase> <!-- verifyWebtableEntryTestcase -->
  <testcase classname="com.test.testcases.Ele_Page_Testcases" name="verifyAllCBListtestcase" time="0.0">
    <ignored/>
  </testcase> <!-- verifyAllCBListtestcase -->
  <testcase classname="com.test.testcases.Ele_Page_Testcases" name="verifyHomeCheckboxTest" time="0.0">
    <ignored/>
  </testcase> <!-- verifyHomeCheckboxTest -->
  <testcase classname="com.test.testcases.Ele_Page_Testcases" name="verifyimpressiveRBTestcase" time="0.0">
    <ignored/>
  </testcase> <!-- verifyimpressiveRBTestcase -->
  <testcase classname="com.test.testcases.Ele_Page_Testcases" name="verifyTextbox" time="0.0">
    <ignored/>
  </testcase> <!-- verifyTextbox -->
  <testcase classname="com.test.testcases.Ele_Page_Testcases" name="verifyDoubleClick" time="0.0">
    <ignored/>
  </testcase> <!-- verifyDoubleClick -->
</testsuite> <!-- LoginTests -->
