<?xml version="1.0" encoding="UTF-8"?>
<!-- Generated by org.testng.reporters.JUnitReportReporter -->
<testsuite hostname="Shrisai" failures="0" tests="16" name="com.test.testcases.Ele_Page_Testcases" time="24.312" errors="0" timestamp="2025-10-14T16:27:40 IST" skipped="15">
  <testcase classname="com.test.testcases.Ele_Page_Testcases" name="validateHomeLink" time="24.312"/>
  <testcase classname="com.test.testcases.Ele_Page_Testcases" name="verifyHomeCheckboxTest">
    <skipped/>
  </testcase> <!-- verifyHomeCheckboxTest -->
  <testcase classname="com.test.testcases.Ele_Page_Testcases" name="validateTitle">
    <skipped/>
  </testcase> <!-- validateTitle -->
  <testcase classname="com.test.testcases.Ele_Page_Testcases" name="verifyNodisabledRBTestcase">
    <skipped/>
  </testcase> <!-- verifyNodisabledRBTestcase -->
  <testcase classname="com.test.testcases.Ele_Page_Testcases" name="validateLinkPagetitle">
    <skipped/>
  </testcase> <!-- validateLinkPagetitle -->
  <testcase classname="com.test.testcases.Ele_Page_Testcases" name="verifyClick">
    <skipped/>
  </testcase> <!-- verifyClick -->
  <testcase classname="com.test.testcases.Ele_Page_Testcases" name="verifyYesRBTestcase">
    <skipped/>
  </testcase> <!-- verifyYesRBTestcase -->
  <testcase classname="com.test.testcases.Ele_Page_Testcases" name="verifyimpressiveRBTestcase">
    <skipped/>
  </testcase> <!-- verifyimpressiveRBTestcase -->
  <testcase classname="com.test.testcases.Ele_Page_Testcases" name="verifyAllCBListtestcase">
    <skipped/>
  </testcase> <!-- verifyAllCBListtestcase -->
  <testcase classname="com.test.testcases.Ele_Page_Testcases" name="verifyDoubleClick">
    <skipped/>
  </testcase> <!-- verifyDoubleClick -->
  <testcase classname="com.test.testcases.Ele_Page_Testcases" name="verifyDownloadCBTest">
    <skipped/>
  </testcase> <!-- verifyDownloadCBTest -->
  <testcase classname="com.test.testcases.Ele_Page_Testcases" name="verifyTextbox">
    <skipped/>
  </testcase> <!-- verifyTextbox -->
  <testcase classname="com.test.testcases.Ele_Page_Testcases" name="verifyWebtableEntryTestcase">
    <skipped/>
  </testcase> <!-- verifyWebtableEntryTestcase -->
  <testcase classname="com.test.testcases.Ele_Page_Testcases" name="verifyrightClick">
    <skipped/>
  </testcase> <!-- verifyrightClick -->
  <testcase classname="com.test.testcases.Ele_Page_Testcases" name="verifyDocumentCBTest">
    <skipped/>
  </testcase> <!-- verifyDocumentCBTest -->
  <testcase classname="com.test.testcases.Ele_Page_Testcases" name="verifyDesktocheckTest">
    <skipped/>
  </testcase> <!-- verifyDesktocheckTest -->
</testsuite> <!-- com.test.testcases.Ele_Page_Testcases -->
