<?xml version="1.0" encoding="UTF-8"?>
<!-- Generated by org.testng.reporters.JUnitReportReporter -->
<testsuite hostname="Shrisai" failures="0" tests="2" name="com.test.testcases.Mainpage_Testcases" time="57.900" errors="0" timestamp="2025-12-20T13:09:50 IST" skipped="0">
  <testcase classname="com.test.testcases.Mainpage_Testcases" name="validatelogoimg" time="32.449"/>
  <testcase classname="com.test.testcases.Mainpage_Testcases" name="validateEle_pageClick" time="25.451"/>
</testsuite> <!-- com.test.testcases.Mainpage_Testcases -->
